<?xml version="1.0" encoding="UTF-8"?>
<!-- Generated by org.testng.reporters.JUnitReportReporter -->
<testsuite skipped="0" hostname="DESKTOP-51UNHQK" name="qaclickacademy.Runner.TestRunner" tests="1" failures="0" timestamp="2021-12-15T14:09:22 IST" time="107.413" errors="0">
  <testcase name="feature" time="107.413" classname="qaclickacademy.Runner.TestRunner"/>
  <system-out/>
</testsuite> <!-- qaclickacademy.Runner.TestRunner -->
