<?xml version="1.0" encoding="UTF-8"?>
<!-- Generated by org.testng.reporters.JUnitReportReporter -->
<testsuite skipped="0" hostname="LAPTOP-A5BD6I85" name="qaclickacademy.SeleniumTest" tests="2" failures="0" timestamp="20 Dec 2020 03:48:11 GMT" time="10.644" errors="0">
  <testcase name="BrowserAUtomation" time="10.644" classname="qaclickacademy.SeleniumTest"/>
  <testcase name="elementsUi" time="0.000" classname="qaclickacademy.SeleniumTest"/>
</testsuite> <!-- qaclickacademy.SeleniumTest -->
