<?xml version="1.0" encoding="UTF-8"?>
<!-- Generated by org.testng.reporters.JUnitReportReporter -->
<testsuite skipped="0" hostname="LAPTOP-A5BD6I85" name="qaclickacademy.StepDefinition.StepDefinition" tests="2" failures="0" timestamp="20 Dec 2020 18:20:40 GMT" time="11.155" errors="0">
  <testcase name="BrowserAUtomation" time="11.153" classname="qaclickacademy.StepDefinition.StepDefinition"/>
  <testcase name="elementsUi" time="0.002" classname="qaclickacademy.StepDefinition.StepDefinition"/>
</testsuite> <!-- qaclickacademy.StepDefinition.StepDefinition -->
